<?xml version="1.0" encoding="UTF-8"?>
<!-- Generated by org.testng.reporters.JUnitReportReporter -->
<testsuite skipped="0" hostname="Lenovo" name="com.testng.TestNg01" tests="2" failures="0" timestamp="06 Aug 2022 06:03:28 GMT" time="0.015" errors="0">
  <testcase name="tc22" time="0.000" classname="com.testng.TestNg01"/>
  <testcase name="tc21" time="0.015" classname="com.testng.TestNg01"/>
</testsuite> <!-- com.testng.TestNg01 -->
