<?xml version="1.0" encoding="UTF-8"?>
<!-- Generated by org.testng.reporters.JUnitReportReporter -->
<testsuite skipped="0" hostname="Lenovo" name="com.testng.TestNg" tests="2" failures="0" timestamp="06 Aug 2022 06:03:28 GMT" time="0.062" errors="0">
  <testcase name="tc01" time="0.047" classname="com.testng.TestNg"/>
  <testcase name="tc02" time="0.015" classname="com.testng.TestNg"/>
</testsuite> <!-- com.testng.TestNg -->
