<?xml version="1.0" encoding="UTF-8"?>
<!-- Generated by org.testng.reporters.JUnitReportReporter -->
<testsuite skipped="0" hostname="Lenovo" name="com.testng.Priorities" tests="5" failures="0" timestamp="05 Aug 2022 12:09:37 GMT" time="0.203" errors="0">
  <testcase name="tc04" time="0.062" classname="com.testng.Priorities"/>
  <testcase name="tc05" time="0.016" classname="com.testng.Priorities"/>
  <testcase name="tc03" time="0.093" classname="com.testng.Priorities"/>
  <testcase name="tc02" time="0.016" classname="com.testng.Priorities"/>
  <testcase name="tc01" time="0.016" classname="com.testng.Priorities"/>
</testsuite> <!-- com.testng.Priorities -->
