<?xml version="1.0" encoding="UTF-8"?>
<!-- Generated by org.testng.reporters.JUnitReportReporter -->
<testsuite skipped="0" hostname="Lenovo" name="com.testng.TestNg03" tests="1" failures="0" timestamp="07 Aug 2022 17:41:20 GMT" time="10.520" errors="0">
  <testcase name="tc02" time="10.520" classname="com.testng.TestNg03"/>
</testsuite> <!-- com.testng.TestNg03 -->
