<?xml version="1.0" encoding="UTF-8"?>
<!-- Generated by org.testng.reporters.JUnitReportReporter -->
<testsuite skipped="0" hostname="Lenovo" name="com.testng.TestNg1" tests="2" failures="0" timestamp="06 Aug 2022 05:19:15 GMT" time="0.046" errors="0">
  <testcase name="tc04" time="0.042" classname="com.testng.TestNg1"/>
  <testcase name="tc05" time="0.004" classname="com.testng.TestNg1"/>
</testsuite> <!-- com.testng.TestNg1 -->
