<?xml version="1.0" encoding="UTF-8"?>
<!-- Generated by org.testng.reporters.JUnitReportReporter -->
<testsuite skipped="0" hostname="Lenovo" name="com.testng.TestNg02" tests="1" failures="0" timestamp="07 Aug 2022 17:12:07 GMT" time="23.085" errors="0">
  <testcase name="tc01" time="23.085" classname="com.testng.TestNg02"/>
</testsuite> <!-- com.testng.TestNg02 -->
